file /home/tradtech/u045594/openmama.git/openmama.git.233.current/common/c_cpp/SConscript,line 9:
	Configure(confdir = .sconf_temp)
scons: Configure: Checking for C library libxml2... 
scons: Configure: ".sconf_temp/conftest_0.c" is up to date.
scons: Configure: The original builder output was:
  |
  |.sconf_temp/conftest_0.c <-
  |  |
  |  |
  |  |
  |  |int
  |  |main() {
  |  |  
  |  |return 0;
  |  |}
  |  |
  |
scons: Configure: ".sconf_temp/conftest_0.o" is up to date.
scons: Configure: The original builder output was:
  |
  |gcc44 -o .sconf_temp/conftest_0.o -c -std=gnu99 -Wmissing-prototypes -Wstrict-prototypes -m32 -g -O2 -pedantic-errors -m32 -DHAVE_CONFIG_H -D_GNU_SOURCE .sconf_temp/conftest_0.c
  |
scons: Configure: Building ".sconf_temp/conftest_0" failed in a previous run and all its sources are up to date.
scons: Configure: The original builder output was:
  |
  |gcc44 -o .sconf_temp/conftest_0 -m32 .sconf_temp/conftest_0.o -lxml2
  |
scons: Configure: (cached) no


